\BOOKMARK [1][-]{section.5}{Introduction}{}% 1
\BOOKMARK [1][-]{section.7}{Multi-Instance Learning}{}% 2
\BOOKMARK [1][-]{section.9}{Experimental Setup}{}% 3
\BOOKMARK [1][-]{section.11}{Evaluation}{}% 4
\BOOKMARK [2][-]{subsection.14}{Lab-20 Eating}{section.11}% 5
\BOOKMARK [1][-]{section.16}{Page Size and Columns}{}% 6
\BOOKMARK [1][-]{section.18}{Typeset Text}{}% 7
\BOOKMARK [2][-]{subsection.20}{Title and Authors}{section.18}% 8
\BOOKMARK [2][-]{subsection.22}{Abstract and Keywords}{section.18}% 9
\BOOKMARK [2][-]{subsection.24}{Normal or Body Text}{section.18}% 10
\BOOKMARK [2][-]{subsection.26}{First Page Copyright Notice}{section.18}% 11
\BOOKMARK [2][-]{subsection.28}{Subsequent Pages}{section.18}% 12
\BOOKMARK [2][-]{subsection.30}{References and Citations}{section.18}% 13
\BOOKMARK [1][-]{section.33}{Sections}{}% 14
\BOOKMARK [2][-]{subsection.35}{Subsections}{section.33}% 15
\BOOKMARK [3][-]{subsubsection.37}{Sub-subsections}{subsection.35}% 16
\BOOKMARK [1][-]{section.39}{Figures/Captions}{}% 17
\BOOKMARK [2][-]{subsection.42}{Inserting Images}{section.39}% 18
\BOOKMARK [1][-]{section.44}{Quotations}{}% 19
\BOOKMARK [1][-]{section.46}{Language, Style, and Content}{}% 20
\BOOKMARK [1][-]{section.48}{Accessibility}{}% 21
\BOOKMARK [1][-]{section.55}{Page Numbering, Headers and Footers}{}% 22
\BOOKMARK [1][-]{section.57}{Producing and Testing PDF Files}{}% 23
\BOOKMARK [1][-]{section.59}{Conclusion}{}% 24
\BOOKMARK [1][-]{section.61}{Acknowledgments}{}% 25
\BOOKMARK [1][-]{section.63}{References Format}{}% 26
\BOOKMARK [1][-]{section.65}{References }{}% 27
